# JRE version: OpenJDK Runtime Environment (8.0_76-b03) (build 1.8.0_76-release-b03)
# Java VM: OpenJDK 64-Bit Server VM (25.76-b03 mixed mode windows-amd64 compressed oops)
Heap:
 PSYoungGen      total 279040K, used 213695K [0x00000000e0000000, 0x00000000f9c80000, 0x0000000100000000)
  eden space 228864K, 71% used [0x00000000e0000000,0x00000000e9fb0388,0x00000000edf80000)
  from space 50176K, 99% used [0x00000000edf80000,0x00000000f107fad0,0x00000000f1080000)
  to   space 65536K, 0% used [0x00000000f5c80000,0x00000000f5c80000,0x00000000f9c80000)
 ParOldGen       total 153088K, used 70758K [0x00000000a0000000, 0x00000000a9580000, 0x00000000e0000000)
  object space 153088K, 46% used [0x00000000a0000000,0x00000000a4519b18,0x00000000a9580000)
 Metaspace       used 68186K, capacity 70058K, committed 70296K, reserved 1110016K
  class space    used 8656K, capacity 9064K, committed 9136K, reserved 1048576K
GC Heap History (10 events):
Event: 148.058 GC heap before
{Heap before GC invocations=24 (full 3):
 PSYoungGen      total 178176K, used 165820K [0x00000000e0000000, 0x00000000ed580000, 0x0000000100000000)
  eden space 142336K, 99% used [0x00000000e0000000,0x00000000e8a6e880,0x00000000e8b00000)
  from space 35840K, 67% used [0x00000000eaf00000,0x00000000ec680818,0x00000000ed200000)
  to   space 36864K, 0% used [0x00000000e8b00000,0x00000000e8b00000,0x00000000eaf00000)
 ParOldGen       total 153088K, used 37280K [0x00000000a0000000, 0x00000000a9580000, 0x00000000e0000000)
  object space 153088K, 24% used [0x00000000a0000000,0x00000000a2468320,0x00000000a9580000)
 Metaspace       used 63141K, capacity 64866K, committed 65176K, reserved 1105920K
  class space    used 8166K, capacity 8546K, committed 8624K, reserved 1048576K
Event: 148.076 GC heap after
Heap after GC invocations=24 (full 3):
 PSYoungGen      total 179200K, used 24651K [0x00000000e0000000, 0x00000000ef580000, 0x0000000100000000)
  eden space 142336K, 0% used [0x00000000e0000000,0x00000000e0000000,0x00000000e8b00000)
  from space 36864K, 66% used [0x00000000e8b00000,0x00000000ea312d78,0x00000000eaf00000)
  to   space 37888K, 0% used [0x00000000ed080000,0x00000000ed080000,0x00000000ef580000)
 ParOldGen       total 153088K, used 37288K [0x00000000a0000000, 0x00000000a9580000, 0x00000000e0000000)
  object space 153088K, 24% used [0x00000000a0000000,0x00000000a246a320,0x00000000a9580000)
 Metaspace       used 63141K, capacity 64866K, committed 65176K, reserved 1105920K
  class space    used 8166K, capacity 8546K, committed 8624K, reserved 1048576K
}
Event: 148.098 GC heap before
{Heap before GC invocations=25 (full 3):
 PSYoungGen      total 179200K, used 166582K [0x00000000e0000000, 0x00000000ef580000, 0x0000000100000000)
  eden space 142336K, 99% used [0x00000000e0000000,0x00000000e8a9aac8,0x00000000e8b00000)
  from space 36864K, 66% used [0x00000000e8b00000,0x00000000ea312d78,0x00000000eaf00000)
  to   space 37888K, 0% used [0x00000000ed080000,0x00000000ed080000,0x00000000ef580000)
 ParOldGen       total 153088K, used 37288K [0x00000000a0000000, 0x00000000a9580000, 0x00000000e0000000)
  object space 153088K, 24% used [0x00000000a0000000,0x00000000a246a320,0x00000000a9580000)
 Metaspace       used 63143K, capacity 64866K, committed 65176K, reserved 1105920K
  class space    used 8166K, capacity 8546K, committed 8624K, reserved 1048576K
Event: 148.120 GC heap after
Heap after GC invocations=25 (full 3):
 PSYoungGen      total 212992K, used 23857K [0x00000000e0000000, 0x00000000f0a00000, 0x0000000100000000)
  eden space 175104K, 0% used [0x00000000e0000000,0x00000000e0000000,0x00000000eab00000)
  from space 37888K, 62% used [0x00000000ed080000,0x00000000ee7cc440,0x00000000ef580000)
  to   space 38400K, 0% used [0x00000000eab00000,0x00000000eab00000,0x00000000ed080000)
 ParOldGen       total 153088K, used 37288K [0x00000000a0000000, 0x00000000a9580000, 0x00000000e0000000)
  object space 153088K, 24% used [0x00000000a0000000,0x00000000a246a320,0x00000000a9580000)
 Metaspace       used 63143K, capacity 64866K, committed 65176K, reserved 1105920K
  class space    used 8166K, capacity 8546K, committed 8624K, reserved 1048576K
}
Event: 158.811 GC heap before
{Heap before GC invocations=26 (full 3):
 PSYoungGen      total 212992K, used 198961K [0x00000000e0000000, 0x00000000f0a00000, 0x0000000100000000)
  eden space 175104K, 100% used [0x00000000e0000000,0x00000000eab00000,0x00000000eab00000)
  from space 37888K, 62% used [0x00000000ed080000,0x00000000ee7cc440,0x00000000ef580000)
  to   space 38400K, 0% used [0x00000000eab00000,0x00000000eab00000,0x00000000ed080000)
 ParOldGen       total 153088K, used 37288K [0x00000000a0000000, 0x00000000a9580000, 0x00000000e0000000)
  object space 153088K, 24% used [0x00000000a0000000,0x00000000a246a320,0x00000000a9580000)
 Metaspace       used 65069K, capacity 66952K, committed 67224K, reserved 1107968K
  class space    used 8416K, capacity 8839K, committed 8880K, reserved 1048576K
Event: 158.835 GC heap after
Heap after GC invocations=26 (full 3):
 PSYoungGen      total 213504K, used 28299K [0x00000000e0000000, 0x00000000f3780000, 0x0000000100000000)
  eden space 175104K, 0% used [0x00000000e0000000,0x00000000e0000000,0x00000000eab00000)
  from space 38400K, 73% used [0x00000000eab00000,0x00000000ec6a2da8,0x00000000ed080000)
  to   space 39936K, 0% used [0x00000000f1080000,0x00000000f1080000,0x00000000f3780000)
 ParOldGen       total 153088K, used 37296K [0x00000000a0000000, 0x00000000a9580000, 0x00000000e0000000)
  object space 153088K, 24% used [0x00000000a0000000,0x00000000a246c320,0x00000000a9580000)
 Metaspace       used 65069K, capacity 66952K, committed 67224K, reserved 1107968K
  class space    used 8416K, capacity 8839K, committed 8880K, reserved 1048576K
}
Event: 160.059 GC heap before
{Heap before GC invocations=27 (full 3):
 PSYoungGen      total 213504K, used 203403K [0x00000000e0000000, 0x00000000f3780000, 0x0000000100000000)
  eden space 175104K, 100% used [0x00000000e0000000,0x00000000eab00000,0x00000000eab00000)
  from space 38400K, 73% used [0x00000000eab00000,0x00000000ec6a2da8,0x00000000ed080000)
  to   space 39936K, 0% used [0x00000000f1080000,0x00000000f1080000,0x00000000f3780000)
 ParOldGen       total 153088K, used 37296K [0x00000000a0000000, 0x00000000a9580000, 0x00000000e0000000)
  object space 153088K, 24% used [0x00000000a0000000,0x00000000a246c320,0x00000000a9580000)
 Metaspace       used 67712K, capacity 69576K, committed 69784K, reserved 1110016K
  class space    used 8635K, capacity 9031K, committed 9136K, reserved 1048576K
Event: 160.136 GC heap after
Heap after GC invocations=27 (full 3):
 PSYoungGen      total 268800K, used 39930K [0x00000000e0000000, 0x00000000f4a80000, 0x0000000100000000)
  eden space 228864K, 0% used [0x00000000e0000000,0x00000000e0000000,0x00000000edf80000)
  from space 39936K, 99% used [0x00000000f1080000,0x00000000f377eb78,0x00000000f3780000)
  to   space 50176K, 0% used [0x00000000edf80000,0x00000000edf80000,0x00000000f1080000)
 ParOldGen       total 153088K, used 49143K [0x00000000a0000000, 0x00000000a9580000, 0x00000000e0000000)
  object space 153088K, 32% used [0x00000000a0000000,0x00000000a2ffdf60,0x00000000a9580000)
 Metaspace       used 67712K, capacity 69576K, committed 69784K, reserved 1110016K
  class space    used 8635K, capacity 9031K, committed 9136K, reserved 1048576K
}
Event: 160.995 GC heap before
{Heap before GC invocations=28 (full 3):
 PSYoungGen      total 268800K, used 268794K [0x00000000e0000000, 0x00000000f4a80000, 0x0000000100000000)
  eden space 228864K, 100% used [0x00000000e0000000,0x00000000edf80000,0x00000000edf80000)
  from space 39936K, 99% used [0x00000000f1080000,0x00000000f377eb78,0x00000000f3780000)
  to   space 50176K, 0% used [0x00000000edf80000,0x00000000edf80000,0x00000000f1080000)
 ParOldGen       total 153088K, used 49143K [0x00000000a0000000, 0x00000000a9580000, 0x00000000e0000000)
  object space 153088K, 32% used [0x00000000a0000000,0x00000000a2ffdf60,0x00000000a9580000)
 Metaspace       used 67809K, capacity 69640K, committed 69784K, reserved 1110016K
  class space    used 8636K, capacity 9031K, committed 9136K, reserved 1048576K
Event: 161.097 GC heap after
Heap after GC invocations=28 (full 3):
 PSYoungGen      total 279040K, used 50174K [0x00000000e0000000, 0x00000000f9c80000, 0x0000000100000000)
  eden space 228864K, 0% used [0x00000000e0000000,0x00000000e0000000,0x00000000edf80000)
  from space 50176K, 99% used [0x00000000edf80000,0x00000000f107fad0,0x00000000f1080000)
  to   space 65536K, 0% used [0x00000000f5c80000,0x00000000f5c80000,0x00000000f9c80000)
 ParOldGen       total 153088K, used 70758K [0x00000000a0000000, 0x00000000a9580000, 0x00000000e0000000)
  object space 153088K, 46% used [0x00000000a0000000,0x00000000a4519b18,0x00000000a9580000)
 Metaspace       used 67809K, capacity 69640K, committed 69784K, reserved 1110016K
  class space    used 8636K, capacity 9031K, committed 9136K, reserved 1048576K
}

