# JRE version: OpenJDK Runtime Environment (8.0_76-b03) (build 1.8.0_76-release-b03)
# Java VM: OpenJDK 64-Bit Server VM (25.76-b03 mixed mode windows-amd64 compressed oops)
Heap:
 PSYoungGen      total 409088K, used 155309K [0x00000000e0000000, 0x0000000100000000, 0x0000000100000000)
  eden space 305152K, 16% used [0x00000000e0000000,0x00000000e32302c0,0x00000000f2a00000)
  from space 103936K, 99% used [0x00000000f2a00000,0x00000000f8f7b170,0x00000000f8f80000)
  to   space 115200K, 0% used [0x00000000f8f80000,0x00000000f8f80000,0x0000000100000000)
 ParOldGen       total 211968K, used 118666K [0x00000000a0000000, 0x00000000acf00000, 0x00000000e0000000)
  object space 211968K, 55% used [0x00000000a0000000,0x00000000a73e29f8,0x00000000acf00000)
 Metaspace       used 71595K, capacity 74292K, committed 74544K, reserved 1114112K
  class space    used 9140K, capacity 9766K, committed 9776K, reserved 1048576K
GC Heap History (10 events):
Event: 155.984 GC heap after
Heap after GC invocations=35 (full 4):
 PSYoungGen      total 358400K, used 66559K [0x00000000e0000000, 0x0000000100000000, 0x0000000100000000)
  eden space 291840K, 0% used [0x00000000e0000000,0x00000000e0000000,0x00000000f1d00000)
  from space 66560K, 99% used [0x00000000f1d00000,0x00000000f5dffc80,0x00000000f5e00000)
  to   space 110592K, 0% used [0x00000000f9400000,0x00000000f9400000,0x0000000100000000)
 ParOldGen       total 211968K, used 178459K [0x00000000a0000000, 0x00000000acf00000, 0x00000000e0000000)
  object space 211968K, 84% used [0x00000000a0000000,0x00000000aae46da0,0x00000000acf00000)
 Metaspace       used 71531K, capacity 74228K, committed 74288K, reserved 1114112K
  class space    used 9139K, capacity 9766K, committed 9776K, reserved 1048576K
}
Event: 155.984 GC heap before
{Heap before GC invocations=36 (full 5):
 PSYoungGen      total 358400K, used 66559K [0x00000000e0000000, 0x0000000100000000, 0x0000000100000000)
  eden space 291840K, 0% used [0x00000000e0000000,0x00000000e0000000,0x00000000f1d00000)
  from space 66560K, 99% used [0x00000000f1d00000,0x00000000f5dffc80,0x00000000f5e00000)
  to   space 110592K, 0% used [0x00000000f9400000,0x00000000f9400000,0x0000000100000000)
 ParOldGen       total 211968K, used 178459K [0x00000000a0000000, 0x00000000acf00000, 0x00000000e0000000)
  object space 211968K, 84% used [0x00000000a0000000,0x00000000aae46da0,0x00000000acf00000)
 Metaspace       used 71531K, capacity 74228K, committed 74288K, reserved 1114112K
  class space    used 9139K, capacity 9766K, committed 9776K, reserved 1048576K
Event: 156.486 GC heap after
Heap after GC invocations=36 (full 5):
 PSYoungGen      total 358400K, used 0K [0x00000000e0000000, 0x0000000100000000, 0x0000000100000000)
  eden space 291840K, 0% used [0x00000000e0000000,0x00000000e0000000,0x00000000f1d00000)
  from space 66560K, 0% used [0x00000000f1d00000,0x00000000f1d00000,0x00000000f5e00000)
  to   space 110592K, 0% used [0x00000000f9400000,0x00000000f9400000,0x0000000100000000)
 ParOldGen       total 211968K, used 109967K [0x00000000a0000000, 0x00000000acf00000, 0x00000000e0000000)
  object space 211968K, 51% used [0x00000000a0000000,0x00000000a6b63f20,0x00000000acf00000)
 Metaspace       used 71531K, capacity 74228K, committed 74288K, reserved 1114112K
  class space    used 9139K, capacity 9766K, committed 9776K, reserved 1048576K
}
Event: 157.227 GC heap before
{Heap before GC invocations=37 (full 5):
 PSYoungGen      total 358400K, used 291840K [0x00000000e0000000, 0x0000000100000000, 0x0000000100000000)
  eden space 291840K, 100% used [0x00000000e0000000,0x00000000f1d00000,0x00000000f1d00000)
  from space 66560K, 0% used [0x00000000f1d00000,0x00000000f1d00000,0x00000000f5e00000)
  to   space 110592K, 0% used [0x00000000f9400000,0x00000000f9400000,0x0000000100000000)
 ParOldGen       total 211968K, used 109967K [0x00000000a0000000, 0x00000000acf00000, 0x00000000e0000000)
  object space 211968K, 51% used [0x00000000a0000000,0x00000000a6b63f20,0x00000000acf00000)
 Metaspace       used 71550K, capacity 74228K, committed 74288K, reserved 1114112K
  class space    used 9139K, capacity 9766K, committed 9776K, reserved 1048576K
Event: 157.282 GC heap after
Heap after GC invocations=37 (full 5):
 PSYoungGen      total 418816K, used 32681K [0x00000000e0000000, 0x0000000100000000, 0x0000000100000000)
  eden space 308224K, 0% used [0x00000000e0000000,0x00000000e0000000,0x00000000f2d00000)
  from space 110592K, 29% used [0x00000000f9400000,0x00000000fb3ea408,0x0000000100000000)
  to   space 105472K, 0% used [0x00000000f2d00000,0x00000000f2d00000,0x00000000f9400000)
 ParOldGen       total 211968K, used 109975K [0x00000000a0000000, 0x00000000acf00000, 0x00000000e0000000)
  object space 211968K, 51% used [0x00000000a0000000,0x00000000a6b65f20,0x00000000acf00000)
 Metaspace       used 71550K, capacity 74228K, committed 74288K, reserved 1114112K
  class space    used 9139K, capacity 9766K, committed 9776K, reserved 1048576K
}
Event: 158.285 GC heap before
{Heap before GC invocations=38 (full 5):
 PSYoungGen      total 418816K, used 340905K [0x00000000e0000000, 0x0000000100000000, 0x0000000100000000)
  eden space 308224K, 100% used [0x00000000e0000000,0x00000000f2d00000,0x00000000f2d00000)
  from space 110592K, 29% used [0x00000000f9400000,0x00000000fb3ea408,0x0000000100000000)
  to   space 105472K, 0% used [0x00000000f2d00000,0x00000000f2d00000,0x00000000f9400000)
 ParOldGen       total 211968K, used 115838K [0x00000000a0000000, 0x00000000acf00000, 0x00000000e0000000)
  object space 211968K, 54% used [0x00000000a0000000,0x00000000a711fab8,0x00000000acf00000)
 Metaspace       used 71581K, capacity 74292K, committed 74544K, reserved 1114112K
  class space    used 9140K, capacity 9766K, committed 9776K, reserved 1048576K
Event: 158.378 GC heap after
Heap after GC invocations=38 (full 5):
 PSYoungGen      total 353792K, used 45140K [0x00000000e0000000, 0x00000000ff200000, 0x0000000100000000)
  eden space 308224K, 0% used [0x00000000e0000000,0x00000000e0000000,0x00000000f2d00000)
  from space 45568K, 99% used [0x00000000f2d00000,0x00000000f59150d0,0x00000000f5980000)
  to   space 100864K, 0% used [0x00000000f8f80000,0x00000000f8f80000,0x00000000ff200000)
 ParOldGen       total 211968K, used 115846K [0x00000000a0000000, 0x00000000acf00000, 0x00000000e0000000)
  object space 211968K, 54% used [0x00000000a0000000,0x00000000a7121ab8,0x00000000acf00000)
 Metaspace       used 71581K, capacity 74292K, committed 74544K, reserved 1114112K
  class space    used 9140K, capacity 9766K, committed 9776K, reserved 1048576K
}
Event: 159.160 GC heap before
{Heap before GC invocations=39 (full 5):
 PSYoungGen      total 353792K, used 353364K [0x00000000e0000000, 0x00000000ff200000, 0x0000000100000000)
  eden space 308224K, 100% used [0x00000000e0000000,0x00000000f2d00000,0x00000000f2d00000)
  from space 45568K, 99% used [0x00000000f2d00000,0x00000000f59150d0,0x00000000f5980000)
  to   space 100864K, 0% used [0x00000000f8f80000,0x00000000f8f80000,0x00000000ff200000)
 ParOldGen       total 211968K, used 115848K [0x00000000a0000000, 0x00000000acf00000, 0x00000000e0000000)
  object space 211968K, 54% used [0x00000000a0000000,0x00000000a7122368,0x00000000acf00000)
 Metaspace       used 71588K, capacity 74292K, committed 74544K, reserved 1114112K
  class space    used 9140K, capacity 9766K, committed 9776K, reserved 1048576K
Event: 159.264 GC heap after
Heap after GC invocations=39 (full 5):
 PSYoungGen      total 406016K, used 66017K [0x00000000e0000000, 0x0000000100000000, 0x0000000100000000)
  eden space 305152K, 0% used [0x00000000e0000000,0x00000000e0000000,0x00000000f2a00000)
  from space 100864K, 65% used [0x00000000f8f80000,0x00000000fcff8408,0x00000000ff200000)
  to   space 103936K, 0% used [0x00000000f2a00000,0x00000000f2a00000,0x00000000f8f80000)
 ParOldGen       total 211968K, used 115856K [0x00000000a0000000, 0x00000000acf00000, 0x00000000e0000000)
  object space 211968K, 54% used [0x00000000a0000000,0x00000000a7124368,0x00000000acf00000)
 Metaspace       used 71588K, capacity 74292K, committed 74544K, reserved 1114112K
  class space    used 9140K, capacity 9766K, committed 9776K, reserved 1048576K
}
Event: 159.846 GC heap before
{Heap before GC invocations=40 (full 5):
 PSYoungGen      total 406016K, used 371169K [0x00000000e0000000, 0x0000000100000000, 0x0000000100000000)
  eden space 305152K, 100% used [0x00000000e0000000,0x00000000f2a00000,0x00000000f2a00000)
  from space 100864K, 65% used [0x00000000f8f80000,0x00000000fcff8408,0x00000000ff200000)
  to   space 103936K, 0% used [0x00000000f2a00000,0x00000000f2a00000,0x00000000f8f80000)
 ParOldGen       total 211968K, used 115856K [0x00000000a0000000, 0x00000000acf00000, 0x00000000e0000000)
  object space 211968K, 54% used [0x00000000a0000000,0x00000000a7124368,0x00000000acf00000)
 Metaspace       used 71595K, capacity 74292K, committed 74544K, reserved 1114112K
  class space    used 9140K, capacity 9766K, committed 9776K, reserved 1048576K

