# JRE version: OpenJDK Runtime Environment (8.0_76-b03) (build 1.8.0_76-release-b03)
# Java VM: OpenJDK 64-Bit Server VM (25.76-b03 mixed mode windows-amd64 compressed oops)
Heap:
 PSYoungGen      total 92672K, used 54552K [0x00000000e0000000, 0x00000000e6f80000, 0x0000000100000000)
  eden space 81920K, 66% used [0x00000000e0000000,0x00000000e3546388,0x00000000e5000000)
  from space 10752K, 0% used [0x00000000e5a80000,0x00000000e5a80000,0x00000000e6500000)
  to   space 10752K, 0% used [0x00000000e5000000,0x00000000e5000000,0x00000000e5a80000)
 ParOldGen       total 87552K, used 14164K [0x00000000a0000000, 0x00000000a5580000, 0x00000000e0000000)
  object space 87552K, 16% used [0x00000000a0000000,0x00000000a0dd50c0,0x00000000a5580000)
 Metaspace       used 37182K, capacity 37944K, committed 38272K, reserved 1083392K
  class space    used 5012K, capacity 5219K, committed 5248K, reserved 1048576K
GC Heap History (10 events):
Event: 7.796 GC heap before
{Heap before GC invocations=8 (full 1):
 PSYoungGen      total 58880K, used 53839K [0x00000000e0000000, 0x00000000e4380000, 0x0000000100000000)
  eden space 48640K, 100% used [0x00000000e0000000,0x00000000e2f80000,0x00000000e2f80000)
  from space 10240K, 50% used [0x00000000e3980000,0x00000000e3e93f30,0x00000000e4380000)
  to   space 10240K, 0% used [0x00000000e2f80000,0x00000000e2f80000,0x00000000e3980000)
 ParOldGen       total 68608K, used 11457K [0x00000000a0000000, 0x00000000a4300000, 0x00000000e0000000)
  object space 68608K, 16% used [0x00000000a0000000,0x00000000a0b307e0,0x00000000a4300000)
 Metaspace       used 28056K, capacity 28586K, committed 28928K, reserved 1075200K
  class space    used 3841K, capacity 3997K, committed 4096K, reserved 1048576K
Event: 7.806 GC heap after
Heap after GC invocations=8 (full 1):
 PSYoungGen      total 58880K, used 5258K [0x00000000e0000000, 0x00000000e5600000, 0x0000000100000000)
  eden space 48640K, 0% used [0x00000000e0000000,0x00000000e0000000,0x00000000e2f80000)
  from space 10240K, 51% used [0x00000000e2f80000,0x00000000e34a2b08,0x00000000e3980000)
  to   space 9728K, 0% used [0x00000000e4c80000,0x00000000e4c80000,0x00000000e5600000)
 ParOldGen       total 68608K, used 11457K [0x00000000a0000000, 0x00000000a4300000, 0x00000000e0000000)
  object space 68608K, 16% used [0x00000000a0000000,0x00000000a0b307e0,0x00000000a4300000)
 Metaspace       used 28056K, capacity 28586K, committed 28928K, reserved 1075200K
  class space    used 3841K, capacity 3997K, committed 4096K, reserved 1048576K
}
Event: 12.022 GC heap before
{Heap before GC invocations=9 (full 1):
 PSYoungGen      total 58880K, used 53898K [0x00000000e0000000, 0x00000000e5600000, 0x0000000100000000)
  eden space 48640K, 100% used [0x00000000e0000000,0x00000000e2f80000,0x00000000e2f80000)
  from space 10240K, 51% used [0x00000000e2f80000,0x00000000e34a2b08,0x00000000e3980000)
  to   space 9728K, 0% used [0x00000000e4c80000,0x00000000e4c80000,0x00000000e5600000)
 ParOldGen       total 68608K, used 11457K [0x00000000a0000000, 0x00000000a4300000, 0x00000000e0000000)
  object space 68608K, 16% used [0x00000000a0000000,0x00000000a0b307e0,0x00000000a4300000)
 Metaspace       used 29146K, capacity 29780K, committed 30080K, reserved 1075200K
  class space    used 3959K, capacity 4143K, committed 4224K, reserved 1048576K
Event: 12.029 GC heap after
Heap after GC invocations=9 (full 1):
 PSYoungGen      total 73216K, used 5393K [0x00000000e0000000, 0x00000000e5380000, 0x0000000100000000)
  eden space 66048K, 0% used [0x00000000e0000000,0x00000000e0000000,0x00000000e4080000)
  from space 7168K, 75% used [0x00000000e4c80000,0x00000000e51c4538,0x00000000e5380000)
  to   space 9728K, 0% used [0x00000000e4080000,0x00000000e4080000,0x00000000e4a00000)
 ParOldGen       total 68608K, used 11465K [0x00000000a0000000, 0x00000000a4300000, 0x00000000e0000000)
  object space 68608K, 16% used [0x00000000a0000000,0x00000000a0b327e0,0x00000000a4300000)
 Metaspace       used 29146K, capacity 29780K, committed 30080K, reserved 1075200K
  class space    used 3959K, capacity 4143K, committed 4224K, reserved 1048576K
}
Event: 13.040 GC heap before
{Heap before GC invocations=10 (full 1):
 PSYoungGen      total 73216K, used 71441K [0x00000000e0000000, 0x00000000e5380000, 0x0000000100000000)
  eden space 66048K, 100% used [0x00000000e0000000,0x00000000e4080000,0x00000000e4080000)
  from space 7168K, 75% used [0x00000000e4c80000,0x00000000e51c4538,0x00000000e5380000)
  to   space 9728K, 0% used [0x00000000e4080000,0x00000000e4080000,0x00000000e4a00000)
 ParOldGen       total 68608K, used 11465K [0x00000000a0000000, 0x00000000a4300000, 0x00000000e0000000)
  object space 68608K, 16% used [0x00000000a0000000,0x00000000a0b327e0,0x00000000a4300000)
 Metaspace       used 34022K, capacity 34610K, committed 35072K, reserved 1079296K
  class space    used 4583K, capacity 4750K, committed 4864K, reserved 1048576K
Event: 13.054 GC heap after
Heap after GC invocations=10 (full 1):
 PSYoungGen      total 75776K, used 9719K [0x00000000e0000000, 0x00000000e6500000, 0x0000000100000000)
  eden space 66048K, 0% used [0x00000000e0000000,0x00000000e0000000,0x00000000e4080000)
  from space 9728K, 99% used [0x00000000e4080000,0x00000000e49fddd8,0x00000000e4a00000)
  to   space 10752K, 0% used [0x00000000e5a80000,0x00000000e5a80000,0x00000000e6500000)
 ParOldGen       total 68608K, used 11819K [0x00000000a0000000, 0x00000000a4300000, 0x00000000e0000000)
  object space 68608K, 17% used [0x00000000a0000000,0x00000000a0b8ae98,0x00000000a4300000)
 Metaspace       used 34022K, capacity 34610K, committed 35072K, reserved 1079296K
  class space    used 4583K, capacity 4750K, committed 4864K, reserved 1048576K
}
Event: 13.199 GC heap before
{Heap before GC invocations=11 (full 1):
 PSYoungGen      total 75776K, used 16168K [0x00000000e0000000, 0x00000000e6500000, 0x0000000100000000)
  eden space 66048K, 9% used [0x00000000e0000000,0x00000000e064c338,0x00000000e4080000)
  from space 9728K, 99% used [0x00000000e4080000,0x00000000e49fddd8,0x00000000e4a00000)
  to   space 10752K, 0% used [0x00000000e5a80000,0x00000000e5a80000,0x00000000e6500000)
 ParOldGen       total 68608K, used 11819K [0x00000000a0000000, 0x00000000a4300000, 0x00000000e0000000)
  object space 68608K, 17% used [0x00000000a0000000,0x00000000a0b8ae98,0x00000000a4300000)
 Metaspace       used 34678K, capacity 35306K, committed 35496K, reserved 1079296K
  class space    used 4660K, capacity 4850K, committed 4864K, reserved 1048576K
Event: 13.214 GC heap after
Heap after GC invocations=11 (full 1):
 PSYoungGen      total 92672K, used 7418K [0x00000000e0000000, 0x00000000e6f80000, 0x0000000100000000)
  eden space 81920K, 0% used [0x00000000e0000000,0x00000000e0000000,0x00000000e5000000)
  from space 10752K, 68% used [0x00000000e5a80000,0x00000000e61be810,0x00000000e6500000)
  to   space 10752K, 0% used [0x00000000e5000000,0x00000000e5000000,0x00000000e5a80000)
 ParOldGen       total 68608K, used 11819K [0x00000000a0000000, 0x00000000a4300000, 0x00000000e0000000)
  object space 68608K, 17% used [0x00000000a0000000,0x00000000a0b8ae98,0x00000000a4300000)
 Metaspace       used 34678K, capacity 35306K, committed 35496K, reserved 1079296K
  class space    used 4660K, capacity 4850K, committed 4864K, reserved 1048576K
}
Event: 13.214 GC heap before
{Heap before GC invocations=12 (full 2):
 PSYoungGen      total 92672K, used 7418K [0x00000000e0000000, 0x00000000e6f80000, 0x0000000100000000)
  eden space 81920K, 0% used [0x00000000e0000000,0x00000000e0000000,0x00000000e5000000)
  from space 10752K, 68% used [0x00000000e5a80000,0x00000000e61be810,0x00000000e6500000)
  to   space 10752K, 0% used [0x00000000e5000000,0x00000000e5000000,0x00000000e5a80000)
 ParOldGen       total 68608K, used 11819K [0x00000000a0000000, 0x00000000a4300000, 0x00000000e0000000)
  object space 68608K, 17% used [0x00000000a0000000,0x00000000a0b8ae98,0x00000000a4300000)
 Metaspace       used 34678K, capacity 35306K, committed 35496K, reserved 1079296K
  class space    used 4660K, capacity 4850K, committed 4864K, reserved 1048576K
Event: 13.350 GC heap after
Heap after GC invocations=12 (full 2):
 PSYoungGen      total 92672K, used 0K [0x00000000e0000000, 0x00000000e6f80000, 0x0000000100000000)
  eden space 81920K, 0% used [0x00000000e0000000,0x00000000e0000000,0x00000000e5000000)
  from space 10752K, 0% used [0x00000000e5a80000,0x00000000e5a80000,0x00000000e6500000)
  to   space 10752K, 0% used [0x00000000e5000000,0x00000000e5000000,0x00000000e5a80000)
 ParOldGen       total 87552K, used 14164K [0x00000000a0000000, 0x00000000a5580000, 0x00000000e0000000)
  object space 87552K, 16% used [0x00000000a0000000,0x00000000a0dd50c0,0x00000000a5580000)
 Metaspace       used 34678K, capacity 35306K, committed 35496K, reserved 1079296K
  class space    used 4660K, capacity 4850K, committed 4864K, reserved 1048576K
}

