# JRE version: OpenJDK Runtime Environment (8.0_76-b03) (build 1.8.0_76-release-b03)
# Java VM: OpenJDK 64-Bit Server VM (25.76-b03 mixed mode windows-amd64 compressed oops)
Heap:
 PSYoungGen      total 64000K, used 10078K [0x00000000e0000000, 0x00000000e4c00000, 0x0000000100000000)
  eden space 53760K, 9% used [0x00000000e0000000,0x00000000e04bea70,0x00000000e3480000)
  from space 10240K, 50% used [0x00000000e3e80000,0x00000000e4398f30,0x00000000e4880000)
  to   space 10240K, 0% used [0x00000000e3480000,0x00000000e3480000,0x00000000e3e80000)
 ParOldGen       total 58880K, used 8439K [0x00000000a0000000, 0x00000000a3980000, 0x00000000e0000000)
  object space 58880K, 14% used [0x00000000a0000000,0x00000000a083dec0,0x00000000a3980000)
 Metaspace       used 26502K, capacity 26926K, committed 27184K, reserved 1073152K
  class space    used 3649K, capacity 3765K, committed 3888K, reserved 1048576K
GC Heap History (10 events):
Event: 13.222 GC heap before
{Heap before GC invocations=3 (full 0):
 PSYoungGen      total 38400K, used 38358K [0x00000000e0000000, 0x00000000e2a80000, 0x0000000100000000)
  eden space 33280K, 99% used [0x00000000e0000000,0x00000000e2078328,0x00000000e2080000)
  from space 5120K, 99% used [0x00000000e2580000,0x00000000e2a7d810,0x00000000e2a80000)
  to   space 5120K, 0% used [0x00000000e2080000,0x00000000e2080000,0x00000000e2580000)
 ParOldGen       total 87552K, used 1089K [0x00000000a0000000, 0x00000000a5580000, 0x00000000e0000000)
  object space 87552K, 1% used [0x00000000a0000000,0x00000000a01105d8,0x00000000a5580000)
 Metaspace       used 18618K, capacity 18964K, committed 19072K, reserved 1064960K
  class space    used 2487K, capacity 2616K, committed 2688K, reserved 1048576K
Event: 13.232 GC heap after
Heap after GC invocations=3 (full 0):
 PSYoungGen      total 38400K, used 5119K [0x00000000e0000000, 0x00000000e2a80000, 0x0000000100000000)
  eden space 33280K, 0% used [0x00000000e0000000,0x00000000e0000000,0x00000000e2080000)
  from space 5120K, 99% used [0x00000000e2080000,0x00000000e257fc30,0x00000000e2580000)
  to   space 5120K, 0% used [0x00000000e2580000,0x00000000e2580000,0x00000000e2a80000)
 ParOldGen       total 87552K, used 5815K [0x00000000a0000000, 0x00000000a5580000, 0x00000000e0000000)
  object space 87552K, 6% used [0x00000000a0000000,0x00000000a05ade48,0x00000000a5580000)
 Metaspace       used 18618K, capacity 18964K, committed 19072K, reserved 1064960K
  class space    used 2487K, capacity 2616K, committed 2688K, reserved 1048576K
}
Event: 13.680 GC heap before
{Heap before GC invocations=4 (full 0):
 PSYoungGen      total 38400K, used 25958K [0x00000000e0000000, 0x00000000e2a80000, 0x0000000100000000)
  eden space 33280K, 62% used [0x00000000e0000000,0x00000000e1459f28,0x00000000e2080000)
  from space 5120K, 99% used [0x00000000e2080000,0x00000000e257fc30,0x00000000e2580000)
  to   space 5120K, 0% used [0x00000000e2580000,0x00000000e2580000,0x00000000e2a80000)
 ParOldGen       total 87552K, used 5815K [0x00000000a0000000, 0x00000000a5580000, 0x00000000e0000000)
  object space 87552K, 6% used [0x00000000a0000000,0x00000000a05ade48,0x00000000a5580000)
 Metaspace       used 20776K, capacity 21144K, committed 21296K, reserved 1067008K
  class space    used 2730K, capacity 2847K, committed 2864K, reserved 1048576K
Event: 13.691 GC heap after
Heap after GC invocations=4 (full 0):
 PSYoungGen      total 38400K, used 5104K [0x00000000e0000000, 0x00000000e2a80000, 0x0000000100000000)
  eden space 33280K, 0% used [0x00000000e0000000,0x00000000e0000000,0x00000000e2080000)
  from space 5120K, 99% used [0x00000000e2580000,0x00000000e2a7c010,0x00000000e2a80000)
  to   space 5120K, 0% used [0x00000000e2080000,0x00000000e2080000,0x00000000e2580000)
 ParOldGen       total 87552K, used 7810K [0x00000000a0000000, 0x00000000a5580000, 0x00000000e0000000)
  object space 87552K, 8% used [0x00000000a0000000,0x00000000a07a0aa8,0x00000000a5580000)
 Metaspace       used 20776K, capacity 21144K, committed 21296K, reserved 1067008K
  class space    used 2730K, capacity 2847K, committed 2864K, reserved 1048576K
}
Event: 13.691 GC heap before
{Heap before GC invocations=5 (full 1):
 PSYoungGen      total 38400K, used 5104K [0x00000000e0000000, 0x00000000e2a80000, 0x0000000100000000)
  eden space 33280K, 0% used [0x00000000e0000000,0x00000000e0000000,0x00000000e2080000)
  from space 5120K, 99% used [0x00000000e2580000,0x00000000e2a7c010,0x00000000e2a80000)
  to   space 5120K, 0% used [0x00000000e2080000,0x00000000e2080000,0x00000000e2580000)
 ParOldGen       total 87552K, used 7810K [0x00000000a0000000, 0x00000000a5580000, 0x00000000e0000000)
  object space 87552K, 8% used [0x00000000a0000000,0x00000000a07a0aa8,0x00000000a5580000)
 Metaspace       used 20776K, capacity 21144K, committed 21296K, reserved 1067008K
  class space    used 2730K, capacity 2847K, committed 2864K, reserved 1048576K
Event: 13.758 GC heap after
Heap after GC invocations=5 (full 1):
 PSYoungGen      total 38400K, used 0K [0x00000000e0000000, 0x00000000e2a80000, 0x0000000100000000)
  eden space 33280K, 0% used [0x00000000e0000000,0x00000000e0000000,0x00000000e2080000)
  from space 5120K, 0% used [0x00000000e2580000,0x00000000e2580000,0x00000000e2a80000)
  to   space 5120K, 0% used [0x00000000e2080000,0x00000000e2080000,0x00000000e2580000)
 ParOldGen       total 58880K, used 8439K [0x00000000a0000000, 0x00000000a3980000, 0x00000000e0000000)
  object space 58880K, 14% used [0x00000000a0000000,0x00000000a083dec0,0x00000000a3980000)
 Metaspace       used 20776K, capacity 21144K, committed 21296K, reserved 1067008K
  class space    used 2730K, capacity 2847K, committed 2864K, reserved 1048576K
}
Event: 14.893 GC heap before
{Heap before GC invocations=6 (full 1):
 PSYoungGen      total 38400K, used 33280K [0x00000000e0000000, 0x00000000e2a80000, 0x0000000100000000)
  eden space 33280K, 100% used [0x00000000e0000000,0x00000000e2080000,0x00000000e2080000)
  from space 5120K, 0% used [0x00000000e2580000,0x00000000e2580000,0x00000000e2a80000)
  to   space 5120K, 0% used [0x00000000e2080000,0x00000000e2080000,0x00000000e2580000)
 ParOldGen       total 58880K, used 8439K [0x00000000a0000000, 0x00000000a3980000, 0x00000000e0000000)
  object space 58880K, 14% used [0x00000000a0000000,0x00000000a083dec0,0x00000000a3980000)
 Metaspace       used 23355K, capacity 23778K, committed 23856K, reserved 1069056K
  class space    used 3154K, capacity 3315K, committed 3376K, reserved 1048576K
Event: 14.900 GC heap after
Heap after GC invocations=6 (full 1):
 PSYoungGen      total 38400K, used 4322K [0x00000000e0000000, 0x00000000e4880000, 0x0000000100000000)
  eden space 33280K, 0% used [0x00000000e0000000,0x00000000e0000000,0x00000000e2080000)
  from space 5120K, 84% used [0x00000000e2080000,0x00000000e24b8a58,0x00000000e2580000)
  to   space 10240K, 0% used [0x00000000e3e80000,0x00000000e3e80000,0x00000000e4880000)
 ParOldGen       total 58880K, used 8439K [0x00000000a0000000, 0x00000000a3980000, 0x00000000e0000000)
  object space 58880K, 14% used [0x00000000a0000000,0x00000000a083dec0,0x00000000a3980000)
 Metaspace       used 23355K, capacity 23778K, committed 23856K, reserved 1069056K
  class space    used 3154K, capacity 3315K, committed 3376K, reserved 1048576K
}
Event: 15.359 GC heap before
{Heap before GC invocations=7 (full 1):
 PSYoungGen      total 38400K, used 37602K [0x00000000e0000000, 0x00000000e4880000, 0x0000000100000000)
  eden space 33280K, 100% used [0x00000000e0000000,0x00000000e2080000,0x00000000e2080000)
  from space 5120K, 84% used [0x00000000e2080000,0x00000000e24b8a58,0x00000000e2580000)
  to   space 10240K, 0% used [0x00000000e3e80000,0x00000000e3e80000,0x00000000e4880000)
 ParOldGen       total 58880K, used 8439K [0x00000000a0000000, 0x00000000a3980000, 0x00000000e0000000)
  object space 58880K, 14% used [0x00000000a0000000,0x00000000a083dec0,0x00000000a3980000)
 Metaspace       used 26077K, capacity 26542K, committed 26800K, reserved 1073152K
  class space    used 3594K, capacity 3701K, committed 3760K, reserved 1048576K
Event: 15.370 GC heap after
Heap after GC invocations=7 (full 1):
 PSYoungGen      total 64000K, used 5219K [0x00000000e0000000, 0x00000000e4c00000, 0x0000000100000000)
  eden space 53760K, 0% used [0x00000000e0000000,0x00000000e0000000,0x00000000e3480000)
  from space 10240K, 50% used [0x00000000e3e80000,0x00000000e4398f30,0x00000000e4880000)
  to   space 10240K, 0% used [0x00000000e3480000,0x00000000e3480000,0x00000000e3e80000)
 ParOldGen       total 58880K, used 8439K [0x00000000a0000000, 0x00000000a3980000, 0x00000000e0000000)
  object space 58880K, 14% used [0x00000000a0000000,0x00000000a083dec0,0x00000000a3980000)
 Metaspace       used 26077K, capacity 26542K, committed 26800K, reserved 1073152K
  class space    used 3594K, capacity 3701K, committed 3760K, reserved 1048576K
}

