# JRE version: OpenJDK Runtime Environment (8.0_76-b03) (build 1.8.0_76-release-b03)
# Java VM: OpenJDK 64-Bit Server VM (25.76-b03 mixed mode windows-amd64 compressed oops)
Heap:
 PSYoungGen      total 497664K, used 71965K [0x00000000e0000000, 0x0000000100000000, 0x0000000100000000)
  eden space 476160K, 11% used [0x00000000e0000000,0x00000000e33a5338,0x00000000fd100000)
  from space 21504K, 88% used [0x00000000feb00000,0x00000000ffda20d8,0x0000000100000000)
  to   space 24064K, 0% used [0x00000000fd100000,0x00000000fd100000,0x00000000fe880000)
 ParOldGen       total 107520K, used 34837K [0x00000000a0000000, 0x00000000a6900000, 0x00000000e0000000)
  object space 107520K, 32% used [0x00000000a0000000,0x00000000a22057b8,0x00000000a6900000)
 Metaspace       used 58657K, capacity 60252K, committed 60416K, reserved 1101824K
  class space    used 7583K, capacity 7914K, committed 7936K, reserved 1048576K
GC Heap History (10 events):
Event: 64.575 GC heap before
{Heap before GC invocations=14 (full 2):
 PSYoungGen      total 258048K, used 215414K [0x00000000e0000000, 0x00000000f8400000, 0x0000000100000000)
  eden space 238080K, 83% used [0x00000000e0000000,0x00000000ec2a14c8,0x00000000ee880000)
  from space 19968K, 80% used [0x00000000ee880000,0x00000000ef83c6c0,0x00000000efc00000)
  to   space 20992K, 0% used [0x00000000f6f80000,0x00000000f6f80000,0x00000000f8400000)
 ParOldGen       total 70144K, used 41059K [0x00000000a0000000, 0x00000000a4480000, 0x00000000e0000000)
  object space 70144K, 58% used [0x00000000a0000000,0x00000000a2818d40,0x00000000a4480000)
 Metaspace       used 57616K, capacity 59042K, committed 59136K, reserved 1099776K
  class space    used 7528K, capacity 7869K, committed 7936K, reserved 1048576K
Event: 64.587 GC heap after
Heap after GC invocations=14 (full 2):
 PSYoungGen      total 363008K, used 4204K [0x00000000e0000000, 0x00000000f7d80000, 0x0000000100000000)
  eden space 348672K, 0% used [0x00000000e0000000,0x00000000e0000000,0x00000000f5480000)
  from space 14336K, 29% used [0x00000000f6f80000,0x00000000f739b270,0x00000000f7d80000)
  to   space 20992K, 0% used [0x00000000f5480000,0x00000000f5480000,0x00000000f6900000)
 ParOldGen       total 70144K, used 43431K [0x00000000a0000000, 0x00000000a4480000, 0x00000000e0000000)
  object space 70144K, 61% used [0x00000000a0000000,0x00000000a2a69e00,0x00000000a4480000)
 Metaspace       used 57616K, capacity 59042K, committed 59136K, reserved 1099776K
  class space    used 7528K, capacity 7869K, committed 7936K, reserved 1048576K
}
Event: 64.587 GC heap before
{Heap before GC invocations=15 (full 3):
 PSYoungGen      total 363008K, used 4204K [0x00000000e0000000, 0x00000000f7d80000, 0x0000000100000000)
  eden space 348672K, 0% used [0x00000000e0000000,0x00000000e0000000,0x00000000f5480000)
  from space 14336K, 29% used [0x00000000f6f80000,0x00000000f739b270,0x00000000f7d80000)
  to   space 20992K, 0% used [0x00000000f5480000,0x00000000f5480000,0x00000000f6900000)
 ParOldGen       total 70144K, used 43431K [0x00000000a0000000, 0x00000000a4480000, 0x00000000e0000000)
  object space 70144K, 61% used [0x00000000a0000000,0x00000000a2a69e00,0x00000000a4480000)
 Metaspace       used 57616K, capacity 59042K, committed 59136K, reserved 1099776K
  class space    used 7528K, capacity 7869K, committed 7936K, reserved 1048576K
Event: 64.933 GC heap after
Heap after GC invocations=15 (full 3):
 PSYoungGen      total 363008K, used 0K [0x00000000e0000000, 0x00000000f7d80000, 0x0000000100000000)
  eden space 348672K, 0% used [0x00000000e0000000,0x00000000e0000000,0x00000000f5480000)
  from space 14336K, 0% used [0x00000000f6f80000,0x00000000f6f80000,0x00000000f7d80000)
  to   space 20992K, 0% used [0x00000000f5480000,0x00000000f5480000,0x00000000f6900000)
 ParOldGen       total 107520K, used 38944K [0x00000000a0000000, 0x00000000a6900000, 0x00000000e0000000)
  object space 107520K, 36% used [0x00000000a0000000,0x00000000a26080b8,0x00000000a6900000)
 Metaspace       used 57605K, capacity 59010K, committed 59136K, reserved 1099776K
  class space    used 7525K, capacity 7863K, committed 7936K, reserved 1048576K
}
Event: 64.987 GC heap before
{Heap before GC invocations=16 (full 3):
 PSYoungGen      total 363008K, used 8927K [0x00000000e0000000, 0x00000000f7d80000, 0x0000000100000000)
  eden space 348672K, 2% used [0x00000000e0000000,0x00000000e08b7c50,0x00000000f5480000)
  from space 14336K, 0% used [0x00000000f6f80000,0x00000000f6f80000,0x00000000f7d80000)
  to   space 20992K, 0% used [0x00000000f5480000,0x00000000f5480000,0x00000000f6900000)
 ParOldGen       total 107520K, used 38944K [0x00000000a0000000, 0x00000000a6900000, 0x00000000e0000000)
  object space 107520K, 36% used [0x00000000a0000000,0x00000000a26080b8,0x00000000a6900000)
 Metaspace       used 57728K, capacity 59138K, committed 59392K, reserved 1101824K
  class space    used 7543K, capacity 7863K, committed 7936K, reserved 1048576K
Event: 65.001 GC heap after
Heap after GC invocations=16 (full 3):
 PSYoungGen      total 369664K, used 250K [0x00000000e0000000, 0x0000000100000000, 0x0000000100000000)
  eden space 348672K, 0% used [0x00000000e0000000,0x00000000e0000000,0x00000000f5480000)
  from space 20992K, 1% used [0x00000000f5480000,0x00000000f54be928,0x00000000f6900000)
  to   space 21504K, 0% used [0x00000000feb00000,0x00000000feb00000,0x0000000100000000)
 ParOldGen       total 107520K, used 38952K [0x00000000a0000000, 0x00000000a6900000, 0x00000000e0000000)
  object space 107520K, 36% used [0x00000000a0000000,0x00000000a260a0b8,0x00000000a6900000)
 Metaspace       used 57728K, capacity 59138K, committed 59392K, reserved 1101824K
  class space    used 7543K, capacity 7863K, committed 7936K, reserved 1048576K
}
Event: 65.001 GC heap before
{Heap before GC invocations=17 (full 4):
 PSYoungGen      total 369664K, used 250K [0x00000000e0000000, 0x0000000100000000, 0x0000000100000000)
  eden space 348672K, 0% used [0x00000000e0000000,0x00000000e0000000,0x00000000f5480000)
  from space 20992K, 1% used [0x00000000f5480000,0x00000000f54be928,0x00000000f6900000)
  to   space 21504K, 0% used [0x00000000feb00000,0x00000000feb00000,0x0000000100000000)
 ParOldGen       total 107520K, used 38952K [0x00000000a0000000, 0x00000000a6900000, 0x00000000e0000000)
  object space 107520K, 36% used [0x00000000a0000000,0x00000000a260a0b8,0x00000000a6900000)
 Metaspace       used 57728K, capacity 59138K, committed 59392K, reserved 1101824K
  class space    used 7543K, capacity 7863K, committed 7936K, reserved 1048576K
Event: 65.321 GC heap after
Heap after GC invocations=17 (full 4):
 PSYoungGen      total 369664K, used 0K [0x00000000e0000000, 0x0000000100000000, 0x0000000100000000)
  eden space 348672K, 0% used [0x00000000e0000000,0x00000000e0000000,0x00000000f5480000)
  from space 20992K, 0% used [0x00000000f5480000,0x00000000f5480000,0x00000000f6900000)
  to   space 21504K, 0% used [0x00000000feb00000,0x00000000feb00000,0x0000000100000000)
 ParOldGen       total 107520K, used 34829K [0x00000000a0000000, 0x00000000a6900000, 0x00000000e0000000)
  object space 107520K, 32% used [0x00000000a0000000,0x00000000a22037b8,0x00000000a6900000)
 Metaspace       used 57728K, capacity 59138K, committed 59392K, reserved 1101824K
  class space    used 7543K, capacity 7863K, committed 7936K, reserved 1048576K
}
Event: 147.026 GC heap before
{Heap before GC invocations=18 (full 4):
 PSYoungGen      total 369664K, used 348672K [0x00000000e0000000, 0x0000000100000000, 0x0000000100000000)
  eden space 348672K, 100% used [0x00000000e0000000,0x00000000f5480000,0x00000000f5480000)
  from space 20992K, 0% used [0x00000000f5480000,0x00000000f5480000,0x00000000f6900000)
  to   space 21504K, 0% used [0x00000000feb00000,0x00000000feb00000,0x0000000100000000)
 ParOldGen       total 107520K, used 34829K [0x00000000a0000000, 0x00000000a6900000, 0x00000000e0000000)
  object space 107520K, 32% used [0x00000000a0000000,0x00000000a22037b8,0x00000000a6900000)
 Metaspace       used 58628K, capacity 60188K, committed 60416K, reserved 1101824K
  class space    used 7582K, capacity 7914K, committed 7936K, reserved 1048576K
Event: 147.064 GC heap after
Heap after GC invocations=18 (full 4):
 PSYoungGen      total 497664K, used 19080K [0x00000000e0000000, 0x0000000100000000, 0x0000000100000000)
  eden space 476160K, 0% used [0x00000000e0000000,0x00000000e0000000,0x00000000fd100000)
  from space 21504K, 88% used [0x00000000feb00000,0x00000000ffda20d8,0x0000000100000000)
  to   space 24064K, 0% used [0x00000000fd100000,0x00000000fd100000,0x00000000fe880000)
 ParOldGen       total 107520K, used 34837K [0x00000000a0000000, 0x00000000a6900000, 0x00000000e0000000)
  object space 107520K, 32% used [0x00000000a0000000,0x00000000a22057b8,0x00000000a6900000)
 Metaspace       used 58628K, capacity 60188K, committed 60416K, reserved 1101824K
  class space    used 7582K, capacity 7914K, committed 7936K, reserved 1048576K
}

