# JRE version: OpenJDK Runtime Environment (8.0_76-b03) (build 1.8.0_76-release-b03)
# Java VM: OpenJDK 64-Bit Server VM (25.76-b03 mixed mode windows-amd64 compressed oops)
Heap:
 PSYoungGen      total 441856K, used 369427K [0x00000000e0000000, 0x0000000100000000, 0x0000000100000000)
  eden space 373760K, 83% used [0x00000000e0000000,0x00000000f2f73470,0x00000000f6d00000)
  from space 68096K, 86% used [0x00000000fbd80000,0x00000000ff6d1a80,0x0000000100000000)
  to   space 75264K, 0% used [0x00000000f6d00000,0x00000000f6d00000,0x00000000fb680000)
 ParOldGen       total 218112K, used 127172K [0x00000000a0000000, 0x00000000ad500000, 0x00000000e0000000)
  object space 218112K, 58% used [0x00000000a0000000,0x00000000a7c310d8,0x00000000ad500000)
 Metaspace       used 65174K, capacity 66966K, committed 67352K, reserved 1107968K
  class space    used 8250K, capacity 8602K, committed 8728K, reserved 1048576K
GC Heap History (10 events):
Event: 76.805 GC heap before
{Heap before GC invocations=28 (full 4):
 PSYoungGen      total 465920K, used 32051K [0x00000000e0000000, 0x0000000100000000, 0x0000000100000000)
  eden space 407040K, 0% used [0x00000000e0000000,0x00000000e0000000,0x00000000f8d80000)
  from space 58880K, 54% used [0x00000000fc680000,0x00000000fe5ccf60,0x0000000100000000)
  to   space 58368K, 0% used [0x00000000f8d80000,0x00000000f8d80000,0x00000000fc680000)
 ParOldGen       total 159232K, used 144765K [0x00000000a0000000, 0x00000000a9b80000, 0x00000000e0000000)
  object space 159232K, 90% used [0x00000000a0000000,0x00000000a8d5f6d8,0x00000000a9b80000)
 Metaspace       used 65106K, capacity 66914K, committed 67096K, reserved 1107968K
  class space    used 8248K, capacity 8604K, committed 8728K, reserved 1048576K
Event: 77.174 GC heap after
Heap after GC invocations=28 (full 4):
 PSYoungGen      total 465920K, used 0K [0x00000000e0000000, 0x0000000100000000, 0x0000000100000000)
  eden space 407040K, 0% used [0x00000000e0000000,0x00000000e0000000,0x00000000f8d80000)
  from space 58880K, 0% used [0x00000000fc680000,0x00000000fc680000,0x0000000100000000)
  to   space 58368K, 0% used [0x00000000f8d80000,0x00000000f8d80000,0x00000000fc680000)
 ParOldGen       total 218112K, used 73648K [0x00000000a0000000, 0x00000000ad500000, 0x00000000e0000000)
  object space 218112K, 33% used [0x00000000a0000000,0x00000000a47ec3b8,0x00000000ad500000)
 Metaspace       used 65102K, capacity 66902K, committed 67096K, reserved 1107968K
  class space    used 8247K, capacity 8602K, committed 8728K, reserved 1048576K
}
Event: 78.720 GC heap before
{Heap before GC invocations=29 (full 4):
 PSYoungGen      total 465920K, used 407040K [0x00000000e0000000, 0x0000000100000000, 0x0000000100000000)
  eden space 407040K, 100% used [0x00000000e0000000,0x00000000f8d80000,0x00000000f8d80000)
  from space 58880K, 0% used [0x00000000fc680000,0x00000000fc680000,0x0000000100000000)
  to   space 58368K, 0% used [0x00000000f8d80000,0x00000000f8d80000,0x00000000fc680000)
 ParOldGen       total 218112K, used 73648K [0x00000000a0000000, 0x00000000ad500000, 0x00000000e0000000)
  object space 218112K, 33% used [0x00000000a0000000,0x00000000a47ec3b8,0x00000000ad500000)
 Metaspace       used 65130K, capacity 66902K, committed 67096K, reserved 1107968K
  class space    used 8248K, capacity 8602K, committed 8728K, reserved 1048576K
Event: 78.772 GC heap after
Heap after GC invocations=29 (full 4):
 PSYoungGen      total 429568K, used 22132K [0x00000000e0000000, 0x00000000ffa80000, 0x0000000100000000)
  eden space 407040K, 0% used [0x00000000e0000000,0x00000000e0000000,0x00000000f8d80000)
  from space 22528K, 98% used [0x00000000f8d80000,0x00000000fa31d1f8,0x00000000fa380000)
  to   space 55808K, 0% used [0x00000000fc400000,0x00000000fc400000,0x00000000ffa80000)
 ParOldGen       total 218112K, used 73656K [0x00000000a0000000, 0x00000000ad500000, 0x00000000e0000000)
  object space 218112K, 33% used [0x00000000a0000000,0x00000000a47ee3b8,0x00000000ad500000)
 Metaspace       used 65130K, capacity 66902K, committed 67096K, reserved 1107968K
  class space    used 8248K, capacity 8602K, committed 8728K, reserved 1048576K
}
Event: 80.319 GC heap before
{Heap before GC invocations=30 (full 4):
 PSYoungGen      total 429568K, used 429172K [0x00000000e0000000, 0x00000000ffa80000, 0x0000000100000000)
  eden space 407040K, 100% used [0x00000000e0000000,0x00000000f8d80000,0x00000000f8d80000)
  from space 22528K, 98% used [0x00000000f8d80000,0x00000000fa31d1f8,0x00000000fa380000)
  to   space 55808K, 0% used [0x00000000fc400000,0x00000000fc400000,0x00000000ffa80000)
 ParOldGen       total 218112K, used 73656K [0x00000000a0000000, 0x00000000ad500000, 0x00000000e0000000)
  object space 218112K, 33% used [0x00000000a0000000,0x00000000a47ee3b8,0x00000000ad500000)
 Metaspace       used 65147K, capacity 66902K, committed 67096K, reserved 1107968K
  class space    used 8249K, capacity 8602K, committed 8728K, reserved 1048576K
Event: 80.437 GC heap after
Heap after GC invocations=30 (full 4):
 PSYoungGen      total 437760K, used 55777K [0x00000000e0000000, 0x0000000100000000, 0x0000000100000000)
  eden space 381952K, 0% used [0x00000000e0000000,0x00000000e0000000,0x00000000f7500000)
  from space 55808K, 99% used [0x00000000fc400000,0x00000000ffa78598,0x00000000ffa80000)
  to   space 71168K, 0% used [0x00000000f7500000,0x00000000f7500000,0x00000000fba80000)
 ParOldGen       total 218112K, used 93534K [0x00000000a0000000, 0x00000000ad500000, 0x00000000e0000000)
  object space 218112K, 42% used [0x00000000a0000000,0x00000000a5b57be0,0x00000000ad500000)
 Metaspace       used 65147K, capacity 66902K, committed 67096K, reserved 1107968K
  class space    used 8249K, capacity 8602K, committed 8728K, reserved 1048576K
}
Event: 81.824 GC heap before
{Heap before GC invocations=31 (full 4):
 PSYoungGen      total 437760K, used 437729K [0x00000000e0000000, 0x0000000100000000, 0x0000000100000000)
  eden space 381952K, 100% used [0x00000000e0000000,0x00000000f7500000,0x00000000f7500000)
  from space 55808K, 99% used [0x00000000fc400000,0x00000000ffa78598,0x00000000ffa80000)
  to   space 71168K, 0% used [0x00000000f7500000,0x00000000f7500000,0x00000000fba80000)
 ParOldGen       total 218112K, used 93534K [0x00000000a0000000, 0x00000000ad500000, 0x00000000e0000000)
  object space 218112K, 42% used [0x00000000a0000000,0x00000000a5b57be0,0x00000000ad500000)
 Metaspace       used 65162K, capacity 66966K, committed 67352K, reserved 1107968K
  class space    used 8249K, capacity 8602K, committed 8728K, reserved 1048576K
Event: 81.919 GC heap after
Heap after GC invocations=31 (full 4):
 PSYoungGen      total 453120K, used 32515K [0x00000000e0000000, 0x0000000100000000, 0x0000000100000000)
  eden space 381952K, 0% used [0x00000000e0000000,0x00000000e0000000,0x00000000f7500000)
  from space 71168K, 45% used [0x00000000f7500000,0x00000000f94c0c10,0x00000000fba80000)
  to   space 68096K, 0% used [0x00000000fbd80000,0x00000000fbd80000,0x0000000100000000)
 ParOldGen       total 218112K, used 97523K [0x00000000a0000000, 0x00000000ad500000, 0x00000000e0000000)
  object space 218112K, 44% used [0x00000000a0000000,0x00000000a5f3cde0,0x00000000ad500000)
 Metaspace       used 65162K, capacity 66966K, committed 67352K, reserved 1107968K
  class space    used 8249K, capacity 8602K, committed 8728K, reserved 1048576K
}
Event: 82.790 GC heap before
{Heap before GC invocations=32 (full 4):
 PSYoungGen      total 453120K, used 414467K [0x00000000e0000000, 0x0000000100000000, 0x0000000100000000)
  eden space 381952K, 100% used [0x00000000e0000000,0x00000000f7500000,0x00000000f7500000)
  from space 71168K, 45% used [0x00000000f7500000,0x00000000f94c0c10,0x00000000fba80000)
  to   space 68096K, 0% used [0x00000000fbd80000,0x00000000fbd80000,0x0000000100000000)
 ParOldGen       total 218112K, used 97523K [0x00000000a0000000, 0x00000000ad500000, 0x00000000e0000000)
  object space 218112K, 44% used [0x00000000a0000000,0x00000000a5f3cde0,0x00000000ad500000)
 Metaspace       used 65165K, capacity 66966K, committed 67352K, reserved 1107968K
  class space    used 8250K, capacity 8602K, committed 8728K, reserved 1048576K
Event: 82.934 GC heap after
Heap after GC invocations=32 (full 4):
 PSYoungGen      total 441856K, used 58694K [0x00000000e0000000, 0x0000000100000000, 0x0000000100000000)
  eden space 373760K, 0% used [0x00000000e0000000,0x00000000e0000000,0x00000000f6d00000)
  from space 68096K, 86% used [0x00000000fbd80000,0x00000000ff6d1a80,0x0000000100000000)
  to   space 75264K, 0% used [0x00000000f6d00000,0x00000000f6d00000,0x00000000fb680000)
 ParOldGen       total 218112K, used 127172K [0x00000000a0000000, 0x00000000ad500000, 0x00000000e0000000)
  object space 218112K, 58% used [0x00000000a0000000,0x00000000a7c310d8,0x00000000ad500000)
 Metaspace       used 65165K, capacity 66966K, committed 67352K, reserved 1107968K
  class space    used 8250K, capacity 8602K, committed 8728K, reserved 1048576K
}

